[2025-05-02 18:51:29] INFO: {
    "array": "test"
}
[2025-05-02 18:51:29] INFO: {
    "array": "test"
}
[2025-05-02 18:51:29] INFO: {
    "array": "test"
}
[2025-05-02 18:51:29] INFO: {
    "array": "test"
}
[2025-05-02 18:51:29] ERROR: {
    "exception": {
        "errorInfo": [
            "HY000",
            1045,
            "Access denied for user ''@'localhost' (using password: YES)"
        ]
    }
}
[2025-05-02 18:51:35] INFO: {
    "array": "test"
}
[2025-05-02 20:26:53] INFO: {
    "array": "test"
}
[2025-05-02 20:30:27] INFO: {
    "array": "test"
}
[2025-05-02 20:30:27] INFO: {
    "array": "test"
}
[2025-05-02 20:30:27] INFO: {
    "array": "test"
}
[2025-05-02 20:30:27] INFO: {
    "array": "test"
}
[2025-05-02 20:30:27] ERROR: {
    "exception": {
        "errorInfo": [
            "HY000",
            1045,
            "Access denied for user ''@'localhost' (using password: YES)"
        ]
    }
}
[2025-05-02 20:30:29] INFO: {
    "array": "test"
}
[2025-05-02 20:51:53] INFO: {
    "array": "test"
}
[2025-05-02 21:18:52] INFO: {
    "array": "test"
}
[2025-05-02 21:18:54] INFO: {
    "array": "test"
}
[2025-05-02 21:21:16] INFO: {
    "array": "test"
}
